{"C:\\Users\\1531n\\BOG005-burger-queen-api-client\\burger-queen\\src\\App.jsx": {"path":"C:\\Users\\1531n\\BOG005-burger-queen-api-client\\burger-queen\\src\\App.jsx","statementMap":{"0":{"start":{"line":16,"column":26},"end":{"line":16,"column":40}},"1":{"start":{"line":18,"column":22},"end":{"line":21,"column":3}},"2":{"start":{"line":19,"column":21},"end":{"line":19,"column":71}},"3":{"start":{"line":20,"column":4},"end":{"line":20,"column":21}},"4":{"start":{"line":23,"column":2},"end":{"line":23,"column":16}},"5":{"start":{"line":25,"column":2},"end":{"line":50,"column":4}}},"fnMap":{"0":{"name":"App","decl":{"start":{"line":14,"column":9},"end":{"line":14,"column":12}},"loc":{"start":{"line":14,"column":15},"end":{"line":51,"column":1}},"line":14},"1":{"name":"(anonymous_1)","decl":{"start":{"line":18,"column":22},"end":{"line":18,"column":23}},"loc":{"start":{"line":18,"column":34},"end":{"line":21,"column":3}},"line":18}},"branchMap":{"0":{"loc":{"start":{"line":31,"column":62},"end":{"line":31,"column":100}},"type":"binary-expr","locations":[{"start":{"line":31,"column":62},"end":{"line":31,"column":68}},{"start":{"line":31,"column":72},"end":{"line":31,"column":100}}],"line":31}},"s":{"0":0,"1":0,"2":0,"3":0,"4":0,"5":0},"f":{"0":0,"1":0},"b":{"0":[0,0]}}
,"C:\\Users\\1531n\\BOG005-burger-queen-api-client\\burger-queen\\src\\main.jsx": {"path":"C:\\Users\\1531n\\BOG005-burger-queen-api-client\\burger-queen\\src\\main.jsx","statementMap":{"0":{"start":{"line":5,"column":0},"end":{"line":9,"column":1}}},"fnMap":{},"branchMap":{},"s":{"0":0},"f":{},"b":{}}
,"C:\\Users\\1531n\\BOG005-burger-queen-api-client\\burger-queen\\src\\Modals\\ModalPortal.jsx": {"path":"C:\\Users\\1531n\\BOG005-burger-queen-api-client\\burger-queen\\src\\Modals\\ModalPortal.jsx","statementMap":{"0":{"start":{"line":6,"column":27},"end":{"line":20,"column":1}},"1":{"start":{"line":8,"column":38},"end":{"line":8,"column":64}},"2":{"start":{"line":8,"column":45},"end":{"line":8,"column":64}},"3":{"start":{"line":10,"column":4},"end":{"line":19,"column":5}}},"fnMap":{"0":{"name":"(anonymous_0)","decl":{"start":{"line":6,"column":27},"end":{"line":6,"column":28}},"loc":{"start":{"line":6,"column":63},"end":{"line":20,"column":1}},"line":6},"1":{"name":"(anonymous_1)","decl":{"start":{"line":8,"column":38},"end":{"line":8,"column":39}},"loc":{"start":{"line":8,"column":45},"end":{"line":8,"column":64}},"line":8}},"branchMap":{"0":{"loc":{"start":{"line":11,"column":37},"end":{"line":11,"column":56}},"type":"binary-expr","locations":[{"start":{"line":11,"column":37},"end":{"line":11,"column":43}},{"start":{"line":11,"column":47},"end":{"line":11,"column":56}}],"line":11}},"s":{"0":0,"1":0,"2":0,"3":0},"f":{"0":0,"1":0},"b":{"0":[0,0]}}
,"C:\\Users\\1531n\\BOG005-burger-queen-api-client\\burger-queen\\src\\Modals\\Modals.jsx": {"path":"C:\\Users\\1531n\\BOG005-burger-queen-api-client\\burger-queen\\src\\Modals\\Modals.jsx","statementMap":{"0":{"start":{"line":4,"column":22},"end":{"line":21,"column":1}},"1":{"start":{"line":8,"column":4},"end":{"line":20,"column":5}}},"fnMap":{"0":{"name":"(anonymous_0)","decl":{"start":{"line":4,"column":22},"end":{"line":4,"column":23}},"loc":{"start":{"line":4,"column":79},"end":{"line":21,"column":1}},"line":4}},"branchMap":{},"s":{"0":0,"1":0},"f":{"0":0},"b":{}}
,"C:\\Users\\1531n\\BOG005-burger-queen-api-client\\burger-queen\\src\\Modals\\useModal.jsx": {"path":"C:\\Users\\1531n\\BOG005-burger-queen-api-client\\burger-queen\\src\\Modals\\useModal.jsx","statementMap":{"0":{"start":{"line":3,"column":24},"end":{"line":13,"column":1}},"1":{"start":{"line":5,"column":29},"end":{"line":5,"column":51}},"2":{"start":{"line":7,"column":18},"end":{"line":7,"column":39}},"3":{"start":{"line":7,"column":24},"end":{"line":7,"column":39}},"4":{"start":{"line":9,"column":19},"end":{"line":9,"column":41}},"5":{"start":{"line":9,"column":25},"end":{"line":9,"column":41}},"6":{"start":{"line":11,"column":0},"end":{"line":11,"column":38}}},"fnMap":{"0":{"name":"(anonymous_0)","decl":{"start":{"line":3,"column":24},"end":{"line":3,"column":25}},"loc":{"start":{"line":3,"column":50},"end":{"line":13,"column":1}},"line":3},"1":{"name":"(anonymous_1)","decl":{"start":{"line":7,"column":18},"end":{"line":7,"column":19}},"loc":{"start":{"line":7,"column":24},"end":{"line":7,"column":39}},"line":7},"2":{"name":"(anonymous_2)","decl":{"start":{"line":9,"column":19},"end":{"line":9,"column":20}},"loc":{"start":{"line":9,"column":25},"end":{"line":9,"column":41}},"line":9}},"branchMap":{"0":{"loc":{"start":{"line":3,"column":25},"end":{"line":3,"column":45}},"type":"default-arg","locations":[{"start":{"line":3,"column":40},"end":{"line":3,"column":45}}],"line":3}},"s":{"0":0,"1":0,"2":0,"3":0,"4":0,"5":0,"6":0},"f":{"0":0,"1":0,"2":0},"b":{"0":[0]}}
,"C:\\Users\\1531n\\BOG005-burger-queen-api-client\\burger-queen\\src\\Modals\\ModalMenu\\ModalMenu.jsx": {"path":"C:\\Users\\1531n\\BOG005-burger-queen-api-client\\burger-queen\\src\\Modals\\ModalMenu\\ModalMenu.jsx","statementMap":{"0":{"start":{"line":4,"column":25},"end":{"line":17,"column":1}},"1":{"start":{"line":6,"column":38},"end":{"line":6,"column":64}},"2":{"start":{"line":6,"column":45},"end":{"line":6,"column":64}},"3":{"start":{"line":8,"column":4},"end":{"line":16,"column":5}}},"fnMap":{"0":{"name":"(anonymous_0)","decl":{"start":{"line":4,"column":25},"end":{"line":4,"column":26}},"loc":{"start":{"line":4,"column":61},"end":{"line":17,"column":1}},"line":4},"1":{"name":"(anonymous_1)","decl":{"start":{"line":6,"column":38},"end":{"line":6,"column":39}},"loc":{"start":{"line":6,"column":45},"end":{"line":6,"column":64}},"line":6}},"branchMap":{"0":{"loc":{"start":{"line":9,"column":41},"end":{"line":9,"column":60}},"type":"binary-expr","locations":[{"start":{"line":9,"column":41},"end":{"line":9,"column":47}},{"start":{"line":9,"column":51},"end":{"line":9,"column":60}}],"line":9}},"s":{"0":0,"1":0,"2":0,"3":0},"f":{"0":0,"1":0},"b":{"0":[0,0]}}
,"C:\\Users\\1531n\\BOG005-burger-queen-api-client\\burger-queen\\src\\Modals\\ModalMenu\\ModalsMenu.jsx": {"path":"C:\\Users\\1531n\\BOG005-burger-queen-api-client\\burger-queen\\src\\Modals\\ModalMenu\\ModalsMenu.jsx","statementMap":{"0":{"start":{"line":4,"column":26},"end":{"line":19,"column":1}},"1":{"start":{"line":8,"column":4},"end":{"line":18,"column":5}}},"fnMap":{"0":{"name":"(anonymous_0)","decl":{"start":{"line":4,"column":26},"end":{"line":4,"column":27}},"loc":{"start":{"line":4,"column":84},"end":{"line":19,"column":1}},"line":4}},"branchMap":{},"s":{"0":0,"1":0},"f":{"0":0},"b":{}}
,"C:\\Users\\1531n\\BOG005-burger-queen-api-client\\burger-queen\\src\\components\\DynamicTable\\Table.jsx": {"path":"C:\\Users\\1531n\\BOG005-burger-queen-api-client\\burger-queen\\src\\components\\DynamicTable\\Table.jsx","statementMap":{"0":{"start":{"line":6,"column":21},"end":{"line":18,"column":1}},"1":{"start":{"line":8,"column":40},"end":{"line":8,"column":45}},"2":{"start":{"line":10,"column":4},"end":{"line":10,"column":43}},"3":{"start":{"line":12,"column":4},"end":{"line":17,"column":5}}},"fnMap":{"0":{"name":"(anonymous_0)","decl":{"start":{"line":6,"column":21},"end":{"line":6,"column":22}},"loc":{"start":{"line":6,"column":32},"end":{"line":18,"column":1}},"line":6}},"branchMap":{},"s":{"0":0,"1":0,"2":0,"3":0},"f":{"0":0},"b":{}}
,"C:\\Users\\1531n\\BOG005-burger-queen-api-client\\burger-queen\\src\\components\\DynamicTable\\TableBody.jsx": {"path":"C:\\Users\\1531n\\BOG005-burger-queen-api-client\\burger-queen\\src\\components\\DynamicTable\\TableBody.jsx","statementMap":{"0":{"start":{"line":6,"column":25},"end":{"line":44,"column":1}},"1":{"start":{"line":9,"column":28},"end":{"line":9,"column":33}},"2":{"start":{"line":15,"column":19},"end":{"line":37,"column":6}},"3":{"start":{"line":17,"column":8},"end":{"line":36,"column":9}},"4":{"start":{"line":21,"column":24},"end":{"line":23,"column":25}},"5":{"start":{"line":22,"column":28},"end":{"line":22,"column":68}},"6":{"start":{"line":25,"column":24},"end":{"line":25,"column":99}},"7":{"start":{"line":39,"column":4},"end":{"line":43,"column":5}}},"fnMap":{"0":{"name":"(anonymous_0)","decl":{"start":{"line":6,"column":25},"end":{"line":6,"column":26}},"loc":{"start":{"line":6,"column":36},"end":{"line":44,"column":1}},"line":6},"1":{"name":"(anonymous_1)","decl":{"start":{"line":15,"column":28},"end":{"line":15,"column":29}},"loc":{"start":{"line":15,"column":41},"end":{"line":37,"column":5}},"line":15},"2":{"name":"(anonymous_2)","decl":{"start":{"line":20,"column":32},"end":{"line":20,"column":33}},"loc":{"start":{"line":20,"column":47},"end":{"line":26,"column":21}},"line":20}},"branchMap":{"0":{"loc":{"start":{"line":21,"column":24},"end":{"line":23,"column":25}},"type":"if","locations":[{"start":{"line":21,"column":24},"end":{"line":23,"column":25}},{"start":{},"end":{}}],"line":21}},"s":{"0":0,"1":0,"2":0,"3":0,"4":0,"5":0,"6":0,"7":0},"f":{"0":0,"1":0,"2":0},"b":{"0":[0,0]}}
,"C:\\Users\\1531n\\BOG005-burger-queen-api-client\\burger-queen\\src\\components\\DynamicTable\\TableColumnOption.jsx": {"path":"C:\\Users\\1531n\\BOG005-burger-queen-api-client\\burger-queen\\src\\components\\DynamicTable\\TableColumnOption.jsx","statementMap":{"0":{"start":{"line":10,"column":33},"end":{"line":73,"column":1}},"1":{"start":{"line":12,"column":28},"end":{"line":12,"column":46}},"2":{"start":{"line":14,"column":34},"end":{"line":14,"column":49}},"3":{"start":{"line":15,"column":52},"end":{"line":15,"column":67}},"4":{"start":{"line":17,"column":30},"end":{"line":17,"column":57}},"5":{"start":{"line":19,"column":31},"end":{"line":21,"column":5}},"6":{"start":{"line":20,"column":8},"end":{"line":20,"column":35}},"7":{"start":{"line":24,"column":4},"end":{"line":28,"column":11}},"8":{"start":{"line":26,"column":8},"end":{"line":26,"column":62}},"9":{"start":{"line":27,"column":8},"end":{"line":27,"column":78}},"10":{"start":{"line":27,"column":21},"end":{"line":27,"column":77}},"11":{"start":{"line":31,"column":24},"end":{"line":36,"column":5}},"12":{"start":{"line":32,"column":8},"end":{"line":32,"column":42}},"13":{"start":{"line":33,"column":8},"end":{"line":33,"column":40}},"14":{"start":{"line":37,"column":4},"end":{"line":72,"column":5}},"15":{"start":{"line":53,"column":28},"end":{"line":53,"column":48}}},"fnMap":{"0":{"name":"(anonymous_0)","decl":{"start":{"line":10,"column":33},"end":{"line":10,"column":34}},"loc":{"start":{"line":10,"column":63},"end":{"line":73,"column":1}},"line":10},"1":{"name":"(anonymous_1)","decl":{"start":{"line":19,"column":31},"end":{"line":19,"column":32}},"loc":{"start":{"line":19,"column":37},"end":{"line":21,"column":5}},"line":19},"2":{"name":"(anonymous_2)","decl":{"start":{"line":24,"column":14},"end":{"line":24,"column":15}},"loc":{"start":{"line":24,"column":20},"end":{"line":28,"column":5}},"line":24},"3":{"name":"(anonymous_3)","decl":{"start":{"line":27,"column":15},"end":{"line":27,"column":16}},"loc":{"start":{"line":27,"column":21},"end":{"line":27,"column":77}},"line":27},"4":{"name":"(anonymous_4)","decl":{"start":{"line":31,"column":24},"end":{"line":31,"column":25}},"loc":{"start":{"line":31,"column":42},"end":{"line":36,"column":5}},"line":31},"5":{"name":"(anonymous_5)","decl":{"start":{"line":52,"column":70},"end":{"line":52,"column":71}},"loc":{"start":{"line":52,"column":74},"end":{"line":54,"column":25}},"line":52}},"branchMap":{"0":{"loc":{"start":{"line":41,"column":20},"end":{"line":54,"column":29}},"type":"cond-expr","locations":[{"start":{"line":43,"column":24},"end":{"line":50,"column":26}},{"start":{"line":51,"column":26},"end":{"line":54,"column":29}}],"line":41}},"s":{"0":0,"1":0,"2":0,"3":0,"4":0,"5":0,"6":0,"7":0,"8":0,"9":0,"10":0,"11":0,"12":0,"13":0,"14":0,"15":0},"f":{"0":0,"1":0,"2":0,"3":0,"4":0,"5":0},"b":{"0":[0,0]}}
,"C:\\Users\\1531n\\BOG005-burger-queen-api-client\\burger-queen\\src\\components\\DynamicTable\\TableHeader.jsx": {"path":"C:\\Users\\1531n\\BOG005-burger-queen-api-client\\burger-queen\\src\\components\\DynamicTable\\TableHeader.jsx","statementMap":{"0":{"start":{"line":2,"column":27},"end":{"line":24,"column":1}},"1":{"start":{"line":5,"column":25},"end":{"line":5,"column":30}},"2":{"start":{"line":7,"column":2},"end":{"line":7,"column":33}},"3":{"start":{"line":13,"column":2},"end":{"line":23,"column":4}},"4":{"start":{"line":18,"column":12},"end":{"line":18,"column":67}}},"fnMap":{"0":{"name":"(anonymous_0)","decl":{"start":{"line":2,"column":27},"end":{"line":2,"column":28}},"loc":{"start":{"line":2,"column":38},"end":{"line":24,"column":1}},"line":2},"1":{"name":"(anonymous_1)","decl":{"start":{"line":17,"column":25},"end":{"line":17,"column":26}},"loc":{"start":{"line":17,"column":35},"end":{"line":19,"column":11}},"line":17}},"branchMap":{},"s":{"0":0,"1":0,"2":0,"3":0,"4":0},"f":{"0":0,"1":0},"b":{}}
,"C:\\Users\\1531n\\BOG005-burger-queen-api-client\\burger-queen\\src\\components\\Header\\Header.jsx": {"path":"C:\\Users\\1531n\\BOG005-burger-queen-api-client\\burger-queen\\src\\components\\Header\\Header.jsx","statementMap":{"0":{"start":{"line":9,"column":22},"end":{"line":32,"column":1}},"1":{"start":{"line":11,"column":34},"end":{"line":11,"column":49}},"2":{"start":{"line":13,"column":4},"end":{"line":31,"column":5}}},"fnMap":{"0":{"name":"(anonymous_0)","decl":{"start":{"line":9,"column":22},"end":{"line":9,"column":23}},"loc":{"start":{"line":9,"column":28},"end":{"line":32,"column":1}},"line":9}},"branchMap":{},"s":{"0":0,"1":0,"2":0},"f":{"0":0},"b":{}}
,"C:\\Users\\1531n\\BOG005-burger-queen-api-client\\burger-queen\\src\\components\\Login\\LoginForm.jsx": {"path":"C:\\Users\\1531n\\BOG005-burger-queen-api-client\\burger-queen\\src\\components\\Login\\LoginForm.jsx","statementMap":{"0":{"start":{"line":5,"column":25},"end":{"line":64,"column":1}},"1":{"start":{"line":7,"column":28},"end":{"line":7,"column":40}},"2":{"start":{"line":8,"column":34},"end":{"line":8,"column":46}},"3":{"start":{"line":16,"column":4},"end":{"line":16,"column":27}},"4":{"start":{"line":22,"column":17},"end":{"line":25,"column":5}},"5":{"start":{"line":27,"column":24},"end":{"line":27,"column":60}},"6":{"start":{"line":28,"column":6},"end":{"line":45,"column":7}},"7":{"start":{"line":29,"column":25},"end":{"line":29,"column":75}},"8":{"start":{"line":30,"column":22},"end":{"line":30,"column":43}},"9":{"start":{"line":31,"column":8},"end":{"line":31,"column":57}},"10":{"start":{"line":32,"column":8},"end":{"line":32,"column":56}},"11":{"start":{"line":33,"column":8},"end":{"line":41,"column":9}},"12":{"start":{"line":35,"column":10},"end":{"line":35,"column":31}},"13":{"start":{"line":37,"column":14},"end":{"line":41,"column":9}},"14":{"start":{"line":39,"column":10},"end":{"line":39,"column":29}},"15":{"start":{"line":44,"column":8},"end":{"line":44,"column":59}},"16":{"start":{"line":49,"column":28},"end":{"line":51,"column":1}},"17":{"start":{"line":50,"column":4},"end":{"line":50,"column":32}},"18":{"start":{"line":53,"column":31},"end":{"line":55,"column":1}},"19":{"start":{"line":54,"column":4},"end":{"line":54,"column":35}},"20":{"start":{"line":57,"column":2},"end":{"line":63,"column":4}}},"fnMap":{"0":{"name":"(anonymous_0)","decl":{"start":{"line":5,"column":25},"end":{"line":5,"column":26}},"loc":{"start":{"line":5,"column":31},"end":{"line":64,"column":1}},"line":5},"1":{"name":"handleSubmit","decl":{"start":{"line":15,"column":17},"end":{"line":15,"column":29}},"loc":{"start":{"line":15,"column":37},"end":{"line":47,"column":3}},"line":15},"2":{"name":"(anonymous_2)","decl":{"start":{"line":49,"column":28},"end":{"line":49,"column":29}},"loc":{"start":{"line":49,"column":39},"end":{"line":51,"column":1}},"line":49},"3":{"name":"(anonymous_3)","decl":{"start":{"line":53,"column":31},"end":{"line":53,"column":32}},"loc":{"start":{"line":53,"column":42},"end":{"line":55,"column":1}},"line":53}},"branchMap":{"0":{"loc":{"start":{"line":28,"column":6},"end":{"line":45,"column":7}},"type":"if","locations":[{"start":{"line":28,"column":6},"end":{"line":45,"column":7}},{"start":{"line":43,"column":10},"end":{"line":45,"column":7}}],"line":28},"1":{"loc":{"start":{"line":33,"column":8},"end":{"line":41,"column":9}},"type":"if","locations":[{"start":{"line":33,"column":8},"end":{"line":41,"column":9}},{"start":{"line":37,"column":14},"end":{"line":41,"column":9}}],"line":33},"2":{"loc":{"start":{"line":37,"column":14},"end":{"line":41,"column":9}},"type":"if","locations":[{"start":{"line":37,"column":14},"end":{"line":41,"column":9}},{"start":{},"end":{}}],"line":37}},"s":{"0":1,"1":1,"2":1,"3":0,"4":0,"5":0,"6":0,"7":0,"8":0,"9":0,"10":0,"11":0,"12":0,"13":0,"14":0,"15":0,"16":1,"17":0,"18":1,"19":0,"20":1},"f":{"0":1,"1":0,"2":0,"3":0},"b":{"0":[0,0],"1":[0,0],"2":[0,0]},"_coverageSchema":"1a1c01bbd47fc00a2c39e90264f33305004495a9","hash":"29447d21ab8c72e1aee9a0f9818daae676a9565b"}
,"C:\\Users\\1531n\\BOG005-burger-queen-api-client\\burger-queen\\src\\components\\Products\\ProductTable.jsx": {"path":"C:\\Users\\1531n\\BOG005-burger-queen-api-client\\burger-queen\\src\\components\\Products\\ProductTable.jsx","statementMap":{"0":{"start":{"line":6,"column":51},"end":{"line":6,"column":71}},"1":{"start":{"line":9,"column":4},"end":{"line":11,"column":5}}},"fnMap":{"0":{"name":"ProductsTable","decl":{"start":{"line":4,"column":9},"end":{"line":4,"column":22}},"loc":{"start":{"line":4,"column":24},"end":{"line":12,"column":1}},"line":4}},"branchMap":{},"s":{"0":0,"1":0},"f":{"0":0},"b":{}}
,"C:\\Users\\1531n\\BOG005-burger-queen-api-client\\burger-queen\\src\\components\\Products\\DeleteModalProduct\\DeleteModalProduct.jsx": {"path":"C:\\Users\\1531n\\BOG005-burger-queen-api-client\\burger-queen\\src\\components\\Products\\DeleteModalProduct\\DeleteModalProduct.jsx","statementMap":{"0":{"start":{"line":5,"column":24},"end":{"line":7,"column":1}},"1":{"start":{"line":6,"column":2},"end":{"line":6,"column":84}},"2":{"start":{"line":9,"column":34},"end":{"line":31,"column":1}},"3":{"start":{"line":10,"column":28},"end":{"line":10,"column":48}},"4":{"start":{"line":12,"column":23},"end":{"line":15,"column":3}},"5":{"start":{"line":13,"column":4},"end":{"line":13,"column":35}},"6":{"start":{"line":14,"column":4},"end":{"line":14,"column":16}},"7":{"start":{"line":17,"column":2},"end":{"line":30,"column":4}}},"fnMap":{"0":{"name":"(anonymous_0)","decl":{"start":{"line":5,"column":24},"end":{"line":5,"column":25}},"loc":{"start":{"line":5,"column":37},"end":{"line":7,"column":1}},"line":5},"1":{"name":"(anonymous_1)","decl":{"start":{"line":9,"column":34},"end":{"line":9,"column":35}},"loc":{"start":{"line":9,"column":63},"end":{"line":31,"column":1}},"line":9},"2":{"name":"(anonymous_2)","decl":{"start":{"line":12,"column":23},"end":{"line":12,"column":24}},"loc":{"start":{"line":12,"column":35},"end":{"line":15,"column":3}},"line":12}},"branchMap":{},"s":{"0":0,"1":0,"2":0,"3":0,"4":0,"5":0,"6":0,"7":0},"f":{"0":0,"1":0,"2":0},"b":{}}
,"C:\\Users\\1531n\\BOG005-burger-queen-api-client\\burger-queen\\src\\components\\Products\\FormProduct\\FormProduct.jsx": {"path":"C:\\Users\\1531n\\BOG005-burger-queen-api-client\\burger-queen\\src\\components\\Products\\FormProduct\\FormProduct.jsx","statementMap":{"0":{"start":{"line":5,"column":27},"end":{"line":126,"column":1}},"1":{"start":{"line":7,"column":45},"end":{"line":7,"column":65}},"2":{"start":{"line":8,"column":42},"end":{"line":8,"column":70}},"3":{"start":{"line":9,"column":42},"end":{"line":9,"column":70}},"4":{"start":{"line":10,"column":40},"end":{"line":10,"column":69}},"5":{"start":{"line":11,"column":44},"end":{"line":11,"column":73}},"6":{"start":{"line":12,"column":42},"end":{"line":12,"column":73}},"7":{"start":{"line":33,"column":25},"end":{"line":59,"column":5}},"8":{"start":{"line":34,"column":8},"end":{"line":34,"column":27}},"9":{"start":{"line":37,"column":21},"end":{"line":43,"column":9}},"10":{"start":{"line":46,"column":8},"end":{"line":58,"column":9}},"11":{"start":{"line":47,"column":12},"end":{"line":47,"column":37}},"12":{"start":{"line":49,"column":12},"end":{"line":49,"column":31}},"13":{"start":{"line":50,"column":12},"end":{"line":50,"column":31}},"14":{"start":{"line":51,"column":12},"end":{"line":51,"column":30}},"15":{"start":{"line":52,"column":12},"end":{"line":52,"column":32}},"16":{"start":{"line":53,"column":12},"end":{"line":53,"column":32}},"17":{"start":{"line":56,"column":12},"end":{"line":56,"column":49}},"18":{"start":{"line":57,"column":12},"end":{"line":57,"column":24}},"19":{"start":{"line":61,"column":31},"end":{"line":63,"column":5}},"20":{"start":{"line":62,"column":8},"end":{"line":62,"column":35}},"21":{"start":{"line":65,"column":30},"end":{"line":69,"column":5}},"22":{"start":{"line":66,"column":29},"end":{"line":66,"column":65}},"23":{"start":{"line":67,"column":28},"end":{"line":67,"column":60}},"24":{"start":{"line":68,"column":8},"end":{"line":68,"column":34}},"25":{"start":{"line":72,"column":4},"end":{"line":125,"column":5}},"26":{"start":{"line":85,"column":48},"end":{"line":85,"column":89}},"27":{"start":{"line":89,"column":49},"end":{"line":89,"column":89}},"28":{"start":{"line":105,"column":40},"end":{"line":105,"column":60}},"29":{"start":{"line":116,"column":44},"end":{"line":116,"column":81}}},"fnMap":{"0":{"name":"(anonymous_0)","decl":{"start":{"line":5,"column":27},"end":{"line":5,"column":28}},"loc":{"start":{"line":5,"column":56},"end":{"line":126,"column":1}},"line":5},"1":{"name":"(anonymous_1)","decl":{"start":{"line":33,"column":25},"end":{"line":33,"column":26}},"loc":{"start":{"line":33,"column":38},"end":{"line":59,"column":5}},"line":33},"2":{"name":"(anonymous_2)","decl":{"start":{"line":61,"column":31},"end":{"line":61,"column":32}},"loc":{"start":{"line":61,"column":57},"end":{"line":63,"column":5}},"line":61},"3":{"name":"(anonymous_3)","decl":{"start":{"line":65,"column":30},"end":{"line":65,"column":31}},"loc":{"start":{"line":65,"column":43},"end":{"line":69,"column":5}},"line":65},"4":{"name":"(anonymous_4)","decl":{"start":{"line":85,"column":37},"end":{"line":85,"column":38}},"loc":{"start":{"line":85,"column":48},"end":{"line":85,"column":89}},"line":85},"5":{"name":"(anonymous_5)","decl":{"start":{"line":89,"column":38},"end":{"line":89,"column":39}},"loc":{"start":{"line":89,"column":49},"end":{"line":89,"column":89}},"line":89},"6":{"name":"(anonymous_6)","decl":{"start":{"line":104,"column":46},"end":{"line":104,"column":47}},"loc":{"start":{"line":104,"column":53},"end":{"line":106,"column":37}},"line":104},"7":{"name":"(anonymous_7)","decl":{"start":{"line":116,"column":37},"end":{"line":116,"column":38}},"loc":{"start":{"line":116,"column":44},"end":{"line":116,"column":81}},"line":116}},"branchMap":{"0":{"loc":{"start":{"line":8,"column":51},"end":{"line":8,"column":69}},"type":"binary-expr","locations":[{"start":{"line":8,"column":51},"end":{"line":8,"column":63}},{"start":{"line":8,"column":67},"end":{"line":8,"column":69}}],"line":8},"1":{"loc":{"start":{"line":9,"column":51},"end":{"line":9,"column":69}},"type":"binary-expr","locations":[{"start":{"line":9,"column":51},"end":{"line":9,"column":63}},{"start":{"line":9,"column":67},"end":{"line":9,"column":69}}],"line":9},"2":{"loc":{"start":{"line":10,"column":49},"end":{"line":10,"column":68}},"type":"binary-expr","locations":[{"start":{"line":10,"column":49},"end":{"line":10,"column":62}},{"start":{"line":10,"column":66},"end":{"line":10,"column":68}}],"line":10},"3":{"loc":{"start":{"line":11,"column":53},"end":{"line":11,"column":72}},"type":"binary-expr","locations":[{"start":{"line":11,"column":53},"end":{"line":11,"column":66}},{"start":{"line":11,"column":70},"end":{"line":11,"column":72}}],"line":11},"4":{"loc":{"start":{"line":12,"column":51},"end":{"line":12,"column":72}},"type":"binary-expr","locations":[{"start":{"line":12,"column":51},"end":{"line":12,"column":64}},{"start":{"line":12,"column":68},"end":{"line":12,"column":72}}],"line":12},"5":{"loc":{"start":{"line":38,"column":16},"end":{"line":38,"column":50}},"type":"binary-expr","locations":[{"start":{"line":38,"column":16},"end":{"line":38,"column":26}},{"start":{"line":38,"column":30},"end":{"line":38,"column":50}}],"line":38},"6":{"loc":{"start":{"line":46,"column":8},"end":{"line":58,"column":9}},"type":"if","locations":[{"start":{"line":46,"column":8},"end":{"line":58,"column":9}},{"start":{"line":55,"column":15},"end":{"line":58,"column":9}}],"line":46}},"s":{"0":0,"1":0,"2":0,"3":0,"4":0,"5":0,"6":0,"7":0,"8":0,"9":0,"10":0,"11":0,"12":0,"13":0,"14":0,"15":0,"16":0,"17":0,"18":0,"19":0,"20":0,"21":0,"22":0,"23":0,"24":0,"25":0,"26":0,"27":0,"28":0,"29":0},"f":{"0":0,"1":0,"2":0,"3":0,"4":0,"5":0,"6":0,"7":0},"b":{"0":[0,0],"1":[0,0],"2":[0,0],"3":[0,0],"4":[0,0],"5":[0,0],"6":[0,0]}}
,"C:\\Users\\1531n\\BOG005-burger-queen-api-client\\burger-queen\\src\\components\\ProtectedRoute\\ProtectedRoute.jsx": {"path":"C:\\Users\\1531n\\BOG005-burger-queen-api-client\\burger-queen\\src\\components\\ProtectedRoute\\ProtectedRoute.jsx","statementMap":{"0":{"start":{"line":1,"column":30},"end":{"line":11,"column":3}},"1":{"start":{"line":6,"column":4},"end":{"line":8,"column":5}},"2":{"start":{"line":7,"column":6},"end":{"line":7,"column":52}},"3":{"start":{"line":10,"column":4},"end":{"line":10,"column":37}}},"fnMap":{"0":{"name":"(anonymous_0)","decl":{"start":{"line":1,"column":30},"end":{"line":1,"column":31}},"loc":{"start":{"line":5,"column":8},"end":{"line":11,"column":3}},"line":5}},"branchMap":{"0":{"loc":{"start":{"line":3,"column":4},"end":{"line":3,"column":28}},"type":"default-arg","locations":[{"start":{"line":3,"column":19},"end":{"line":3,"column":28}}],"line":3},"1":{"loc":{"start":{"line":6,"column":4},"end":{"line":8,"column":5}},"type":"if","locations":[{"start":{"line":6,"column":4},"end":{"line":8,"column":5}},{"start":{},"end":{}}],"line":6},"2":{"loc":{"start":{"line":10,"column":11},"end":{"line":10,"column":35}},"type":"cond-expr","locations":[{"start":{"line":10,"column":22},"end":{"line":10,"column":30}},{"start":{"line":10,"column":33},"end":{"line":10,"column":35}}],"line":10}},"s":{"0":0,"1":0,"2":0,"3":0},"f":{"0":0},"b":{"0":[0],"1":[0,0],"2":[0,0]}}
,"C:\\Users\\1531n\\BOG005-burger-queen-api-client\\burger-queen\\src\\components\\SideMenu\\SideMenu.jsx": {"path":"C:\\Users\\1531n\\BOG005-burger-queen-api-client\\burger-queen\\src\\components\\SideMenu\\SideMenu.jsx","statementMap":{"0":{"start":{"line":15,"column":24},"end":{"line":19,"column":1}},"1":{"start":{"line":16,"column":4},"end":{"line":18,"column":5}},"2":{"start":{"line":21,"column":24},"end":{"line":69,"column":1}},"3":{"start":{"line":23,"column":34},"end":{"line":23,"column":49}},"4":{"start":{"line":25,"column":4},"end":{"line":68,"column":5}}},"fnMap":{"0":{"name":"(anonymous_0)","decl":{"start":{"line":15,"column":24},"end":{"line":15,"column":25}},"loc":{"start":{"line":15,"column":37},"end":{"line":19,"column":1}},"line":15},"1":{"name":"(anonymous_1)","decl":{"start":{"line":21,"column":24},"end":{"line":21,"column":25}},"loc":{"start":{"line":21,"column":30},"end":{"line":69,"column":1}},"line":21}},"branchMap":{},"s":{"0":0,"1":0,"2":0,"3":0,"4":0},"f":{"0":0,"1":0},"b":{}}
,"C:\\Users\\1531n\\BOG005-burger-queen-api-client\\burger-queen\\src\\components\\SideMenu\\LogOutModal\\LogOutModal.jsx": {"path":"C:\\Users\\1531n\\BOG005-burger-queen-api-client\\burger-queen\\src\\components\\SideMenu\\LogOutModal\\LogOutModal.jsx","statementMap":{"0":{"start":{"line":3,"column":27},"end":{"line":18,"column":1}},"1":{"start":{"line":4,"column":2},"end":{"line":17,"column":4}},"2":{"start":{"line":12,"column":12},"end":{"line":12,"column":20}},"3":{"start":{"line":13,"column":12},"end":{"line":13,"column":24}}},"fnMap":{"0":{"name":"(anonymous_0)","decl":{"start":{"line":3,"column":27},"end":{"line":3,"column":28}},"loc":{"start":{"line":3,"column":55},"end":{"line":18,"column":1}},"line":3},"1":{"name":"(anonymous_1)","decl":{"start":{"line":11,"column":25},"end":{"line":11,"column":26}},"loc":{"start":{"line":11,"column":29},"end":{"line":14,"column":9}},"line":11}},"branchMap":{},"s":{"0":0,"1":0,"2":0,"3":0},"f":{"0":0,"1":0},"b":{}}
,"C:\\Users\\1531n\\BOG005-burger-queen-api-client\\burger-queen\\src\\components\\TableLegacy\\Table.jsx": {"path":"C:\\Users\\1531n\\BOG005-burger-queen-api-client\\burger-queen\\src\\components\\TableLegacy\\Table.jsx","statementMap":{"0":{"start":{"line":8,"column":21},"end":{"line":24,"column":1}},"1":{"start":{"line":10,"column":39},"end":{"line":10,"column":59}},"2":{"start":{"line":13,"column":4},"end":{"line":13,"column":42}},"3":{"start":{"line":14,"column":31},"end":{"line":14,"column":76}},"4":{"start":{"line":18,"column":4},"end":{"line":23,"column":5}}},"fnMap":{"0":{"name":"(anonymous_0)","decl":{"start":{"line":8,"column":21},"end":{"line":8,"column":22}},"loc":{"start":{"line":8,"column":32},"end":{"line":24,"column":1}},"line":8}},"branchMap":{},"s":{"0":0,"1":0,"2":0,"3":0,"4":0},"f":{"0":0},"b":{}}
,"C:\\Users\\1531n\\BOG005-burger-queen-api-client\\burger-queen\\src\\components\\TableLegacy\\TableBody.jsx": {"path":"C:\\Users\\1531n\\BOG005-burger-queen-api-client\\burger-queen\\src\\components\\TableLegacy\\TableBody.jsx","statementMap":{"0":{"start":{"line":6,"column":25},"end":{"line":33,"column":1}}},"fnMap":{"0":{"name":"(anonymous_0)","decl":{"start":{"line":6,"column":25},"end":{"line":6,"column":26}},"loc":{"start":{"line":6,"column":36},"end":{"line":33,"column":1}},"line":6}},"branchMap":{},"s":{"0":0},"f":{"0":0},"b":{}}
,"C:\\Users\\1531n\\BOG005-burger-queen-api-client\\burger-queen\\src\\components\\TableLegacy\\TableColumnOption.jsx": {"path":"C:\\Users\\1531n\\BOG005-burger-queen-api-client\\burger-queen\\src\\components\\TableLegacy\\TableColumnOption.jsx","statementMap":{"0":{"start":{"line":8,"column":34},"end":{"line":30,"column":1}}},"fnMap":{"0":{"name":"(anonymous_0)","decl":{"start":{"line":8,"column":34},"end":{"line":8,"column":35}},"loc":{"start":{"line":8,"column":51},"end":{"line":30,"column":1}},"line":8}},"branchMap":{},"s":{"0":0},"f":{"0":0},"b":{}}
,"C:\\Users\\1531n\\BOG005-burger-queen-api-client\\burger-queen\\src\\components\\TableLegacy\\TableHeader.jsx": {"path":"C:\\Users\\1531n\\BOG005-burger-queen-api-client\\burger-queen\\src\\components\\TableLegacy\\TableHeader.jsx","statementMap":{"0":{"start":{"line":4,"column":27},"end":{"line":24,"column":1}}},"fnMap":{"0":{"name":"(anonymous_0)","decl":{"start":{"line":4,"column":27},"end":{"line":4,"column":28}},"loc":{"start":{"line":4,"column":38},"end":{"line":24,"column":1}},"line":4}},"branchMap":{},"s":{"0":0},"f":{"0":0},"b":{}}
,"C:\\Users\\1531n\\BOG005-burger-queen-api-client\\burger-queen\\src\\components\\Users\\UsersTable.jsx": {"path":"C:\\Users\\1531n\\BOG005-burger-queen-api-client\\burger-queen\\src\\components\\Users\\UsersTable.jsx","statementMap":{"0":{"start":{"line":6,"column":48},"end":{"line":6,"column":65}},"1":{"start":{"line":9,"column":4},"end":{"line":11,"column":5}}},"fnMap":{"0":{"name":"UsersTable","decl":{"start":{"line":4,"column":9},"end":{"line":4,"column":19}},"loc":{"start":{"line":4,"column":21},"end":{"line":12,"column":1}},"line":4}},"branchMap":{},"s":{"0":0,"1":0},"f":{"0":0},"b":{}}
,"C:\\Users\\1531n\\BOG005-burger-queen-api-client\\burger-queen\\src\\components\\Users\\DeleteModalUser\\DeleteModalUser.jsx": {"path":"C:\\Users\\1531n\\BOG005-burger-queen-api-client\\burger-queen\\src\\components\\Users\\DeleteModalUser\\DeleteModalUser.jsx","statementMap":{"0":{"start":{"line":5,"column":24},"end":{"line":7,"column":1}},"1":{"start":{"line":6,"column":2},"end":{"line":6,"column":84}},"2":{"start":{"line":9,"column":31},"end":{"line":31,"column":1}},"3":{"start":{"line":10,"column":25},"end":{"line":10,"column":42}},"4":{"start":{"line":12,"column":23},"end":{"line":15,"column":3}},"5":{"start":{"line":13,"column":4},"end":{"line":13,"column":32}},"6":{"start":{"line":14,"column":4},"end":{"line":14,"column":16}},"7":{"start":{"line":17,"column":2},"end":{"line":30,"column":4}}},"fnMap":{"0":{"name":"(anonymous_0)","decl":{"start":{"line":5,"column":24},"end":{"line":5,"column":25}},"loc":{"start":{"line":5,"column":37},"end":{"line":7,"column":1}},"line":5},"1":{"name":"(anonymous_1)","decl":{"start":{"line":9,"column":31},"end":{"line":9,"column":32}},"loc":{"start":{"line":9,"column":60},"end":{"line":31,"column":1}},"line":9},"2":{"name":"(anonymous_2)","decl":{"start":{"line":12,"column":23},"end":{"line":12,"column":24}},"loc":{"start":{"line":12,"column":35},"end":{"line":15,"column":3}},"line":12}},"branchMap":{},"s":{"0":0,"1":0,"2":0,"3":0,"4":0,"5":0,"6":0,"7":0},"f":{"0":0,"1":0,"2":0},"b":{}}
,"C:\\Users\\1531n\\BOG005-burger-queen-api-client\\burger-queen\\src\\components\\Users\\FormUser\\FormUser.jsx": {"path":"C:\\Users\\1531n\\BOG005-burger-queen-api-client\\burger-queen\\src\\components\\Users\\FormUser\\FormUser.jsx","statementMap":{"0":{"start":{"line":9,"column":24},"end":{"line":115,"column":1}},"1":{"start":{"line":11,"column":4},"end":{"line":11,"column":51}},"2":{"start":{"line":13,"column":39},"end":{"line":13,"column":56}},"3":{"start":{"line":16,"column":28},"end":{"line":16,"column":51}},"4":{"start":{"line":19,"column":31},"end":{"line":28,"column":5}},"5":{"start":{"line":21,"column":20},"end":{"line":21,"column":33}},"6":{"start":{"line":22,"column":24},"end":{"line":22,"column":26}},"7":{"start":{"line":23,"column":8},"end":{"line":23,"column":39}},"8":{"start":{"line":25,"column":8},"end":{"line":25,"column":50}},"9":{"start":{"line":27,"column":8},"end":{"line":27,"column":69}},"10":{"start":{"line":31,"column":25},"end":{"line":67,"column":5}},"11":{"start":{"line":32,"column":8},"end":{"line":32,"column":27}},"12":{"start":{"line":34,"column":8},"end":{"line":34,"column":39}},"13":{"start":{"line":36,"column":8},"end":{"line":44,"column":9}},"14":{"start":{"line":38,"column":12},"end":{"line":38,"column":34}},"15":{"start":{"line":42,"column":12},"end":{"line":42,"column":46}},"16":{"start":{"line":43,"column":12},"end":{"line":43,"column":24}},"17":{"start":{"line":74,"column":4},"end":{"line":114,"column":5}},"18":{"start":{"line":87,"column":48},"end":{"line":87,"column":73}},"19":{"start":{"line":91,"column":48},"end":{"line":91,"column":82}},"20":{"start":{"line":95,"column":49},"end":{"line":95,"column":82}},"21":{"start":{"line":105,"column":48},"end":{"line":105,"column":85}}},"fnMap":{"0":{"name":"(anonymous_0)","decl":{"start":{"line":9,"column":24},"end":{"line":9,"column":25}},"loc":{"start":{"line":9,"column":53},"end":{"line":115,"column":1}},"line":9},"1":{"name":"(anonymous_1)","decl":{"start":{"line":19,"column":31},"end":{"line":19,"column":32}},"loc":{"start":{"line":19,"column":44},"end":{"line":28,"column":5}},"line":19},"2":{"name":"(anonymous_2)","decl":{"start":{"line":31,"column":25},"end":{"line":31,"column":26}},"loc":{"start":{"line":31,"column":38},"end":{"line":67,"column":5}},"line":31},"3":{"name":"(anonymous_3)","decl":{"start":{"line":87,"column":37},"end":{"line":87,"column":38}},"loc":{"start":{"line":87,"column":48},"end":{"line":87,"column":73}},"line":87},"4":{"name":"(anonymous_4)","decl":{"start":{"line":91,"column":37},"end":{"line":91,"column":38}},"loc":{"start":{"line":91,"column":48},"end":{"line":91,"column":82}},"line":91},"5":{"name":"(anonymous_5)","decl":{"start":{"line":95,"column":38},"end":{"line":95,"column":39}},"loc":{"start":{"line":95,"column":49},"end":{"line":95,"column":82}},"line":95},"6":{"name":"(anonymous_6)","decl":{"start":{"line":105,"column":37},"end":{"line":105,"column":38}},"loc":{"start":{"line":105,"column":48},"end":{"line":105,"column":85}},"line":105}},"branchMap":{"0":{"loc":{"start":{"line":16,"column":37},"end":{"line":16,"column":50}},"type":"binary-expr","locations":[{"start":{"line":16,"column":37},"end":{"line":16,"column":44}},{"start":{"line":16,"column":48},"end":{"line":16,"column":50}}],"line":16},"1":{"loc":{"start":{"line":36,"column":8},"end":{"line":44,"column":9}},"type":"if","locations":[{"start":{"line":36,"column":8},"end":{"line":44,"column":9}},{"start":{"line":40,"column":15},"end":{"line":44,"column":9}}],"line":36}},"s":{"0":0,"1":0,"2":0,"3":0,"4":0,"5":0,"6":0,"7":0,"8":0,"9":0,"10":0,"11":0,"12":0,"13":0,"14":0,"15":0,"16":0,"17":0,"18":0,"19":0,"20":0,"21":0},"f":{"0":0,"1":0,"2":0,"3":0,"4":0,"5":0,"6":0},"b":{"0":[0,0],"1":[0,0]}}
,"C:\\Users\\1531n\\BOG005-burger-queen-api-client\\burger-queen\\src\\components\\Waiter\\TakesOrder\\TakesOrder.jsx": {"path":"C:\\Users\\1531n\\BOG005-burger-queen-api-client\\burger-queen\\src\\components\\Waiter\\TakesOrder\\TakesOrder.jsx","statementMap":{"0":{"start":{"line":3,"column":27},"end":{"line":11,"column":1}},"1":{"start":{"line":5,"column":4},"end":{"line":10,"column":5}}},"fnMap":{"0":{"name":"(anonymous_0)","decl":{"start":{"line":3,"column":27},"end":{"line":3,"column":28}},"loc":{"start":{"line":3,"column":33},"end":{"line":11,"column":1}},"line":3}},"branchMap":{},"s":{"0":0,"1":0},"f":{"0":0},"b":{}}
,"C:\\Users\\1531n\\BOG005-burger-queen-api-client\\burger-queen\\src\\components\\Waiter\\TakesOrder\\ContainerProducts\\ContainerProducts.jsx": {"path":"C:\\Users\\1531n\\BOG005-burger-queen-api-client\\burger-queen\\src\\components\\Waiter\\TakesOrder\\ContainerProducts\\ContainerProducts.jsx","statementMap":{"0":{"start":{"line":4,"column":33},"end":{"line":20,"column":1}},"1":{"start":{"line":6,"column":23},"end":{"line":6,"column":41}},"2":{"start":{"line":10,"column":20},"end":{"line":17,"column":6}},"3":{"start":{"line":11,"column":8},"end":{"line":16,"column":9}},"4":{"start":{"line":19,"column":4},"end":{"line":19,"column":18}}},"fnMap":{"0":{"name":"(anonymous_0)","decl":{"start":{"line":4,"column":33},"end":{"line":4,"column":34}},"loc":{"start":{"line":4,"column":38},"end":{"line":20,"column":1}},"line":4},"1":{"name":"(anonymous_1)","decl":{"start":{"line":10,"column":33},"end":{"line":10,"column":34}},"loc":{"start":{"line":10,"column":44},"end":{"line":17,"column":5}},"line":10}},"branchMap":{},"s":{"0":0,"1":0,"2":0,"3":0,"4":0},"f":{"0":0,"1":0},"b":{}}
,"C:\\Users\\1531n\\BOG005-burger-queen-api-client\\burger-queen\\src\\components\\Waiter\\TakesOrder\\OptionsMenu\\OptionsMenu.jsx": {"path":"C:\\Users\\1531n\\BOG005-burger-queen-api-client\\burger-queen\\src\\components\\Waiter\\TakesOrder\\OptionsMenu\\OptionsMenu.jsx","statementMap":{"0":{"start":{"line":1,"column":27},"end":{"line":11,"column":1}},"1":{"start":{"line":2,"column":4},"end":{"line":10,"column":1}}},"fnMap":{"0":{"name":"(anonymous_0)","decl":{"start":{"line":1,"column":27},"end":{"line":1,"column":28}},"loc":{"start":{"line":1,"column":33},"end":{"line":11,"column":1}},"line":1}},"branchMap":{},"s":{"0":0,"1":0},"f":{"0":0},"b":{}}
,"C:\\Users\\1531n\\BOG005-burger-queen-api-client\\burger-queen\\src\\context\\ProductsContext.jsx": {"path":"C:\\Users\\1531n\\BOG005-burger-queen-api-client\\burger-queen\\src\\context\\ProductsContext.jsx","statementMap":{"0":{"start":{"line":10,"column":23},"end":{"line":10,"column":38}},"1":{"start":{"line":14,"column":4},"end":{"line":19,"column":5}},"2":{"start":{"line":24,"column":25},"end":{"line":83,"column":1}},"3":{"start":{"line":25,"column":36},"end":{"line":25,"column":48}},"4":{"start":{"line":27,"column":23},"end":{"line":27,"column":65}},"5":{"start":{"line":29,"column":49},"end":{"line":29,"column":64}},"6":{"start":{"line":31,"column":27},"end":{"line":40,"column":5}},"7":{"start":{"line":34,"column":39},"end":{"line":34,"column":161}},"8":{"start":{"line":39,"column":46},"end":{"line":39,"column":131}},"9":{"start":{"line":43,"column":29},"end":{"line":43,"column":58}},"10":{"start":{"line":44,"column":8},"end":{"line":44,"column":34}},"11":{"start":{"line":48,"column":8},"end":{"line":48,"column":53}},"12":{"start":{"line":49,"column":8},"end":{"line":49,"column":31}},"13":{"start":{"line":50,"column":8},"end":{"line":50,"column":20}},"14":{"start":{"line":54,"column":8},"end":{"line":54,"column":52}},"15":{"start":{"line":55,"column":8},"end":{"line":55,"column":31}},"16":{"start":{"line":59,"column":8},"end":{"line":59,"column":47}},"17":{"start":{"line":60,"column":8},"end":{"line":60,"column":31}},"18":{"start":{"line":63,"column":4},"end":{"line":65,"column":10}},"19":{"start":{"line":64,"column":8},"end":{"line":64,"column":26}},"20":{"start":{"line":67,"column":17},"end":{"line":77,"column":5}},"21":{"start":{"line":79,"column":4},"end":{"line":79,"column":44}},"22":{"start":{"line":81,"column":4},"end":{"line":81,"column":85}},"23":{"start":{"line":85,"column":27},"end":{"line":85,"column":59}},"24":{"start":{"line":85,"column":33},"end":{"line":85,"column":59}}},"fnMap":{"0":{"name":"BloqueProductPrice","decl":{"start":{"line":12,"column":9},"end":{"line":12,"column":27}},"loc":{"start":{"line":12,"column":37},"end":{"line":21,"column":1}},"line":12},"1":{"name":"(anonymous_1)","decl":{"start":{"line":24,"column":25},"end":{"line":24,"column":26}},"loc":{"start":{"line":24,"column":43},"end":{"line":83,"column":1}},"line":24},"2":{"name":"(anonymous_2)","decl":{"start":{"line":34,"column":24},"end":{"line":34,"column":25}},"loc":{"start":{"line":34,"column":37},"end":{"line":34,"column":163}},"line":34},"3":{"name":"(anonymous_3)","decl":{"start":{"line":39,"column":33},"end":{"line":39,"column":34}},"loc":{"start":{"line":39,"column":46},"end":{"line":39,"column":131}},"line":39},"4":{"name":"getListProducts","decl":{"start":{"line":42,"column":19},"end":{"line":42,"column":34}},"loc":{"start":{"line":42,"column":37},"end":{"line":45,"column":5}},"line":42},"5":{"name":"createProduct","decl":{"start":{"line":47,"column":19},"end":{"line":47,"column":32}},"loc":{"start":{"line":47,"column":39},"end":{"line":51,"column":5}},"line":47},"6":{"name":"updateProduct","decl":{"start":{"line":53,"column":19},"end":{"line":53,"column":32}},"loc":{"start":{"line":53,"column":43},"end":{"line":56,"column":5}},"line":53},"7":{"name":"deleteProduct","decl":{"start":{"line":58,"column":19},"end":{"line":58,"column":32}},"loc":{"start":{"line":58,"column":36},"end":{"line":61,"column":5}},"line":58},"8":{"name":"(anonymous_8)","decl":{"start":{"line":63,"column":14},"end":{"line":63,"column":15}},"loc":{"start":{"line":63,"column":20},"end":{"line":65,"column":5}},"line":63},"9":{"name":"(anonymous_9)","decl":{"start":{"line":85,"column":27},"end":{"line":85,"column":28}},"loc":{"start":{"line":85,"column":33},"end":{"line":85,"column":59}},"line":85}},"branchMap":{},"s":{"0":0,"1":0,"2":0,"3":0,"4":0,"5":0,"6":0,"7":0,"8":0,"9":0,"10":0,"11":0,"12":0,"13":0,"14":0,"15":0,"16":0,"17":0,"18":0,"19":0,"20":0,"21":0,"22":0,"23":0,"24":0},"f":{"0":0,"1":0,"2":0,"3":0,"4":0,"5":0,"6":0,"7":0,"8":0,"9":0},"b":{}}
,"C:\\Users\\1531n\\BOG005-burger-queen-api-client\\burger-queen\\src\\context\\UsersContext.jsx": {"path":"C:\\Users\\1531n\\BOG005-burger-queen-api-client\\burger-queen\\src\\context\\UsersContext.jsx","statementMap":{"0":{"start":{"line":13,"column":21},"end":{"line":13,"column":36}},"1":{"start":{"line":18,"column":22},"end":{"line":89,"column":1}},"2":{"start":{"line":19,"column":30},"end":{"line":19,"column":42}},"3":{"start":{"line":21,"column":23},"end":{"line":21,"column":61}},"4":{"start":{"line":23,"column":49},"end":{"line":23,"column":64}},"5":{"start":{"line":25,"column":27},"end":{"line":39,"column":5}},"6":{"start":{"line":38,"column":46},"end":{"line":38,"column":126}},"7":{"start":{"line":43,"column":21},"end":{"line":43,"column":50}},"8":{"start":{"line":44,"column":8},"end":{"line":44,"column":23}},"9":{"start":{"line":45,"column":8},"end":{"line":45,"column":25}},"10":{"start":{"line":50,"column":8},"end":{"line":50,"column":50}},"11":{"start":{"line":51,"column":8},"end":{"line":51,"column":24}},"12":{"start":{"line":52,"column":8},"end":{"line":52,"column":20}},"13":{"start":{"line":57,"column":8},"end":{"line":57,"column":49}},"14":{"start":{"line":58,"column":8},"end":{"line":58,"column":24}},"15":{"start":{"line":64,"column":8},"end":{"line":64,"column":44}},"16":{"start":{"line":65,"column":8},"end":{"line":65,"column":24}},"17":{"start":{"line":69,"column":4},"end":{"line":71,"column":10}},"18":{"start":{"line":70,"column":8},"end":{"line":70,"column":19}},"19":{"start":{"line":73,"column":17},"end":{"line":83,"column":5}},"20":{"start":{"line":85,"column":4},"end":{"line":85,"column":43}},"21":{"start":{"line":87,"column":4},"end":{"line":87,"column":81}},"22":{"start":{"line":91,"column":24},"end":{"line":91,"column":54}},"23":{"start":{"line":91,"column":30},"end":{"line":91,"column":54}}},"fnMap":{"0":{"name":"(anonymous_0)","decl":{"start":{"line":18,"column":22},"end":{"line":18,"column":23}},"loc":{"start":{"line":18,"column":40},"end":{"line":89,"column":1}},"line":18},"1":{"name":"(anonymous_1)","decl":{"start":{"line":38,"column":33},"end":{"line":38,"column":34}},"loc":{"start":{"line":38,"column":46},"end":{"line":38,"column":126}},"line":38},"2":{"name":"getUsers","decl":{"start":{"line":42,"column":19},"end":{"line":42,"column":27}},"loc":{"start":{"line":42,"column":30},"end":{"line":46,"column":5}},"line":42},"3":{"name":"createUser","decl":{"start":{"line":49,"column":19},"end":{"line":49,"column":29}},"loc":{"start":{"line":49,"column":36},"end":{"line":53,"column":5}},"line":49},"4":{"name":"updateUser","decl":{"start":{"line":56,"column":19},"end":{"line":56,"column":29}},"loc":{"start":{"line":56,"column":40},"end":{"line":60,"column":5}},"line":56},"5":{"name":"deleteUser","decl":{"start":{"line":63,"column":19},"end":{"line":63,"column":29}},"loc":{"start":{"line":63,"column":33},"end":{"line":66,"column":5}},"line":63},"6":{"name":"(anonymous_6)","decl":{"start":{"line":69,"column":14},"end":{"line":69,"column":15}},"loc":{"start":{"line":69,"column":20},"end":{"line":71,"column":5}},"line":69},"7":{"name":"(anonymous_7)","decl":{"start":{"line":91,"column":24},"end":{"line":91,"column":25}},"loc":{"start":{"line":91,"column":30},"end":{"line":91,"column":54}},"line":91}},"branchMap":{},"s":{"0":0,"1":0,"2":0,"3":0,"4":0,"5":0,"6":0,"7":0,"8":0,"9":0,"10":0,"11":0,"12":0,"13":0,"14":0,"15":0,"16":0,"17":0,"18":0,"19":0,"20":0,"21":0,"22":0,"23":0},"f":{"0":0,"1":0,"2":0,"3":0,"4":0,"5":0,"6":0,"7":0},"b":{}}
,"C:\\Users\\1531n\\BOG005-burger-queen-api-client\\burger-queen\\src\\context\\WaiterContext.jsx": {"path":"C:\\Users\\1531n\\BOG005-burger-queen-api-client\\burger-queen\\src\\context\\WaiterContext.jsx","statementMap":{"0":{"start":{"line":5,"column":22},"end":{"line":5,"column":37}},"1":{"start":{"line":7,"column":23},"end":{"line":27,"column":1}},"2":{"start":{"line":8,"column":36},"end":{"line":8,"column":48}},"3":{"start":{"line":11,"column":29},"end":{"line":11,"column":58}},"4":{"start":{"line":12,"column":8},"end":{"line":12,"column":34}},"5":{"start":{"line":15,"column":4},"end":{"line":17,"column":10}},"6":{"start":{"line":16,"column":8},"end":{"line":16,"column":26}},"7":{"start":{"line":19,"column":17},"end":{"line":21,"column":5}},"8":{"start":{"line":25,"column":4},"end":{"line":25,"column":83}},"9":{"start":{"line":29,"column":25},"end":{"line":29,"column":56}},"10":{"start":{"line":29,"column":31},"end":{"line":29,"column":56}}},"fnMap":{"0":{"name":"(anonymous_0)","decl":{"start":{"line":7,"column":23},"end":{"line":7,"column":24}},"loc":{"start":{"line":7,"column":39},"end":{"line":27,"column":1}},"line":7},"1":{"name":"getListProducts","decl":{"start":{"line":10,"column":19},"end":{"line":10,"column":34}},"loc":{"start":{"line":10,"column":37},"end":{"line":13,"column":5}},"line":10},"2":{"name":"(anonymous_2)","decl":{"start":{"line":15,"column":14},"end":{"line":15,"column":15}},"loc":{"start":{"line":15,"column":20},"end":{"line":17,"column":5}},"line":15},"3":{"name":"(anonymous_3)","decl":{"start":{"line":29,"column":25},"end":{"line":29,"column":26}},"loc":{"start":{"line":29,"column":31},"end":{"line":29,"column":56}},"line":29}},"branchMap":{},"s":{"0":0,"1":0,"2":0,"3":0,"4":0,"5":0,"6":0,"7":0,"8":0,"9":0,"10":0},"f":{"0":0,"1":0,"2":0,"3":0},"b":{}}
,"C:\\Users\\1531n\\BOG005-burger-queen-api-client\\burger-queen\\src\\lib\\helpers.jsx": {"path":"C:\\Users\\1531n\\BOG005-burger-queen-api-client\\burger-queen\\src\\lib\\helpers.jsx","statementMap":{"0":{"start":{"line":2,"column":26},"end":{"line":14,"column":4}},"1":{"start":{"line":3,"column":4},"end":{"line":13,"column":13}},"2":{"start":{"line":5,"column":8},"end":{"line":7,"column":9}},"3":{"start":{"line":5,"column":43},"end":{"line":5,"column":66}},"4":{"start":{"line":6,"column":10},"end":{"line":6,"column":21}},"5":{"start":{"line":10,"column":8},"end":{"line":12,"column":11}},"6":{"start":{"line":15,"column":2},"end":{"line":15,"column":25}},"7":{"start":{"line":18,"column":20},"end":{"line":27,"column":1}},"8":{"start":{"line":19,"column":23},"end":{"line":19,"column":46}},"9":{"start":{"line":21,"column":17},"end":{"line":21,"column":33}},"10":{"start":{"line":22,"column":2},"end":{"line":22,"column":37}},"11":{"start":{"line":23,"column":2},"end":{"line":23,"column":54}},"12":{"start":{"line":23,"column":27},"end":{"line":23,"column":53}},"13":{"start":{"line":25,"column":2},"end":{"line":25,"column":21}},"14":{"start":{"line":31,"column":15},"end":{"line":31,"column":29}},"15":{"start":{"line":32,"column":2},"end":{"line":32,"column":28}},"16":{"start":{"line":33,"column":2},"end":{"line":33,"column":42}},"17":{"start":{"line":35,"column":17},"end":{"line":35,"column":51}},"18":{"start":{"line":37,"column":14},"end":{"line":37,"column":60}},"19":{"start":{"line":39,"column":19},"end":{"line":42,"column":3}},"20":{"start":{"line":44,"column":19},"end":{"line":44,"column":44}},"21":{"start":{"line":45,"column":2},"end":{"line":45,"column":45}},"22":{"start":{"line":46,"column":23},"end":{"line":46,"column":44}},"23":{"start":{"line":48,"column":2},"end":{"line":48,"column":56}},"24":{"start":{"line":49,"column":2},"end":{"line":49,"column":30}},"25":{"start":{"line":53,"column":15},"end":{"line":56,"column":1}},"26":{"start":{"line":54,"column":2},"end":{"line":54,"column":23}},"27":{"start":{"line":55,"column":2},"end":{"line":55,"column":32}}},"fnMap":{"0":{"name":"filterAtributteList","decl":{"start":{"line":1,"column":9},"end":{"line":1,"column":28}},"loc":{"start":{"line":1,"column":55},"end":{"line":16,"column":1}},"line":1},"1":{"name":"(anonymous_1)","decl":{"start":{"line":2,"column":43},"end":{"line":2,"column":44}},"loc":{"start":{"line":2,"column":56},"end":{"line":14,"column":3}},"line":2},"2":{"name":"(anonymous_2)","decl":{"start":{"line":4,"column":14},"end":{"line":4,"column":15}},"loc":{"start":{"line":4,"column":23},"end":{"line":8,"column":7}},"line":4},"3":{"name":"(anonymous_3)","decl":{"start":{"line":5,"column":28},"end":{"line":5,"column":29}},"loc":{"start":{"line":5,"column":43},"end":{"line":5,"column":66}},"line":5},"4":{"name":"(anonymous_4)","decl":{"start":{"line":9,"column":14},"end":{"line":9,"column":15}},"loc":{"start":{"line":9,"column":28},"end":{"line":13,"column":7}},"line":9},"5":{"name":"(anonymous_5)","decl":{"start":{"line":18,"column":20},"end":{"line":18,"column":21}},"loc":{"start":{"line":18,"column":46},"end":{"line":27,"column":1}},"line":18},"6":{"name":"(anonymous_6)","decl":{"start":{"line":23,"column":20},"end":{"line":23,"column":21}},"loc":{"start":{"line":23,"column":27},"end":{"line":23,"column":53}},"line":23},"7":{"name":"uploadImgWeb","decl":{"start":{"line":29,"column":15},"end":{"line":29,"column":27}},"loc":{"start":{"line":29,"column":34},"end":{"line":51,"column":1}},"line":29},"8":{"name":"(anonymous_8)","decl":{"start":{"line":53,"column":15},"end":{"line":53,"column":16}},"loc":{"start":{"line":53,"column":21},"end":{"line":56,"column":1}},"line":53}},"branchMap":{"0":{"loc":{"start":{"line":5,"column":8},"end":{"line":7,"column":9}},"type":"if","locations":[{"start":{"line":5,"column":8},"end":{"line":7,"column":9}},{"start":{},"end":{}}],"line":5}},"s":{"0":0,"1":0,"2":0,"3":0,"4":0,"5":0,"6":0,"7":0,"8":0,"9":0,"10":0,"11":0,"12":0,"13":0,"14":0,"15":0,"16":0,"17":0,"18":0,"19":0,"20":0,"21":0,"22":0,"23":0,"24":0,"25":0,"26":0,"27":0},"f":{"0":0,"1":0,"2":0,"3":0,"4":0,"5":0,"6":0,"7":0,"8":0},"b":{"0":[0,0]}}
,"C:\\Users\\1531n\\BOG005-burger-queen-api-client\\burger-queen\\src\\lib\\requests.jsx": {"path":"C:\\Users\\1531n\\BOG005-burger-queen-api-client\\burger-queen\\src\\lib\\requests.jsx","statementMap":{"0":{"start":{"line":3,"column":2},"end":{"line":3,"column":44}},"1":{"start":{"line":5,"column":2},"end":{"line":28,"column":3}},"2":{"start":{"line":6,"column":16},"end":{"line":6,"column":51}},"3":{"start":{"line":7,"column":16},"end":{"line":14,"column":6}},"4":{"start":{"line":15,"column":4},"end":{"line":17,"column":5}},"5":{"start":{"line":16,"column":6},"end":{"line":16,"column":46}},"6":{"start":{"line":19,"column":21},"end":{"line":19,"column":37}},"7":{"start":{"line":21,"column":4},"end":{"line":21,"column":75}},"8":{"start":{"line":22,"column":4},"end":{"line":22,"column":45}},"9":{"start":{"line":24,"column":4},"end":{"line":24,"column":20}},"10":{"start":{"line":26,"column":4},"end":{"line":26,"column":43}},"11":{"start":{"line":27,"column":4},"end":{"line":27,"column":15}},"12":{"start":{"line":33,"column":16},"end":{"line":33,"column":50}},"13":{"start":{"line":34,"column":14},"end":{"line":34,"column":49}},"14":{"start":{"line":35,"column":19},"end":{"line":41,"column":4}},"15":{"start":{"line":43,"column":23},"end":{"line":43,"column":44}},"16":{"start":{"line":45,"column":2},"end":{"line":45,"column":21}},"17":{"start":{"line":50,"column":16},"end":{"line":50,"column":50}},"18":{"start":{"line":51,"column":14},"end":{"line":51,"column":49}},"19":{"start":{"line":52,"column":19},"end":{"line":58,"column":4}},"20":{"start":{"line":60,"column":23},"end":{"line":60,"column":44}},"21":{"start":{"line":62,"column":2},"end":{"line":62,"column":21}},"22":{"start":{"line":65,"column":26},"end":{"line":78,"column":1}},"23":{"start":{"line":67,"column":16},"end":{"line":67,"column":50}},"24":{"start":{"line":69,"column":14},"end":{"line":69,"column":55}},"25":{"start":{"line":70,"column":14},"end":{"line":76,"column":4}},"26":{"start":{"line":80,"column":25},"end":{"line":94,"column":1}},"27":{"start":{"line":82,"column":16},"end":{"line":82,"column":50}},"28":{"start":{"line":84,"column":14},"end":{"line":84,"column":55}},"29":{"start":{"line":85,"column":14},"end":{"line":92,"column":4}}},"fnMap":{"0":{"name":"makeRequestPost","decl":{"start":{"line":1,"column":15},"end":{"line":1,"column":30}},"loc":{"start":{"line":1,"column":62},"end":{"line":29,"column":1}},"line":1},"1":{"name":"getProducts","decl":{"start":{"line":31,"column":15},"end":{"line":31,"column":26}},"loc":{"start":{"line":31,"column":37},"end":{"line":46,"column":1}},"line":31},"2":{"name":"makeRequestGet","decl":{"start":{"line":48,"column":15},"end":{"line":48,"column":29}},"loc":{"start":{"line":48,"column":40},"end":{"line":63,"column":1}},"line":48},"3":{"name":"(anonymous_3)","decl":{"start":{"line":65,"column":26},"end":{"line":65,"column":27}},"loc":{"start":{"line":65,"column":51},"end":{"line":78,"column":1}},"line":65},"4":{"name":"(anonymous_4)","decl":{"start":{"line":80,"column":25},"end":{"line":80,"column":26}},"loc":{"start":{"line":80,"column":55},"end":{"line":94,"column":1}},"line":80}},"branchMap":{"0":{"loc":{"start":{"line":1,"column":47},"end":{"line":1,"column":60}},"type":"default-arg","locations":[{"start":{"line":1,"column":55},"end":{"line":1,"column":60}}],"line":1},"1":{"loc":{"start":{"line":15,"column":4},"end":{"line":17,"column":5}},"type":"if","locations":[{"start":{"line":15,"column":4},"end":{"line":17,"column":5}},{"start":{},"end":{}}],"line":15}},"s":{"0":0,"1":0,"2":0,"3":0,"4":0,"5":0,"6":0,"7":0,"8":0,"9":0,"10":0,"11":0,"12":0,"13":0,"14":0,"15":0,"16":0,"17":0,"18":0,"19":0,"20":0,"21":0,"22":1,"23":0,"24":0,"25":0,"26":1,"27":0,"28":0,"29":0},"f":{"0":0,"1":0,"2":0,"3":0,"4":0},"b":{"0":[0],"1":[0,0]},"_coverageSchema":"1a1c01bbd47fc00a2c39e90264f33305004495a9","hash":"051c3adf6ce8aaaaea25fb54c9df8581b6879cda"}
,"C:\\Users\\1531n\\BOG005-burger-queen-api-client\\burger-queen\\src\\pages\\Products\\Products.jsx": {"path":"C:\\Users\\1531n\\BOG005-burger-queen-api-client\\burger-queen\\src\\pages\\Products\\Products.jsx","statementMap":{"0":{"start":{"line":10,"column":24},"end":{"line":80,"column":1}},"1":{"start":{"line":12,"column":51},"end":{"line":12,"column":71}},"2":{"start":{"line":14,"column":30},"end":{"line":14,"column":57}},"3":{"start":{"line":16,"column":31},"end":{"line":18,"column":5}},"4":{"start":{"line":17,"column":8},"end":{"line":17,"column":35}},"5":{"start":{"line":21,"column":4},"end":{"line":25,"column":11}},"6":{"start":{"line":23,"column":8},"end":{"line":23,"column":62}},"7":{"start":{"line":24,"column":8},"end":{"line":24,"column":78}},"8":{"start":{"line":24,"column":21},"end":{"line":24,"column":77}},"9":{"start":{"line":27,"column":4},"end":{"line":27,"column":44}},"10":{"start":{"line":29,"column":4},"end":{"line":79,"column":5}}},"fnMap":{"0":{"name":"(anonymous_0)","decl":{"start":{"line":10,"column":24},"end":{"line":10,"column":25}},"loc":{"start":{"line":10,"column":30},"end":{"line":80,"column":1}},"line":10},"1":{"name":"(anonymous_1)","decl":{"start":{"line":16,"column":31},"end":{"line":16,"column":32}},"loc":{"start":{"line":16,"column":37},"end":{"line":18,"column":5}},"line":16},"2":{"name":"(anonymous_2)","decl":{"start":{"line":21,"column":14},"end":{"line":21,"column":15}},"loc":{"start":{"line":21,"column":20},"end":{"line":25,"column":5}},"line":21},"3":{"name":"(anonymous_3)","decl":{"start":{"line":24,"column":15},"end":{"line":24,"column":16}},"loc":{"start":{"line":24,"column":21},"end":{"line":24,"column":77}},"line":24}},"branchMap":{"0":{"loc":{"start":{"line":44,"column":24},"end":{"line":58,"column":58}},"type":"cond-expr","locations":[{"start":{"line":45,"column":28},"end":{"line":56,"column":30}},{"start":{"line":58,"column":30},"end":{"line":58,"column":58}}],"line":44}},"s":{"0":0,"1":0,"2":0,"3":0,"4":0,"5":0,"6":0,"7":0,"8":0,"9":0,"10":0},"f":{"0":0,"1":0,"2":0,"3":0},"b":{"0":[0,0]}}
,"C:\\Users\\1531n\\BOG005-burger-queen-api-client\\burger-queen\\src\\pages\\Users\\Users.jsx": {"path":"C:\\Users\\1531n\\BOG005-burger-queen-api-client\\burger-queen\\src\\pages\\Users\\Users.jsx","statementMap":{"0":{"start":{"line":11,"column":21},"end":{"line":71,"column":1}},"1":{"start":{"line":13,"column":50},"end":{"line":13,"column":67}},"2":{"start":{"line":15,"column":30},"end":{"line":15,"column":57}},"3":{"start":{"line":17,"column":31},"end":{"line":19,"column":5}},"4":{"start":{"line":18,"column":8},"end":{"line":18,"column":35}},"5":{"start":{"line":22,"column":4},"end":{"line":26,"column":11}},"6":{"start":{"line":24,"column":8},"end":{"line":24,"column":62}},"7":{"start":{"line":25,"column":8},"end":{"line":25,"column":78}},"8":{"start":{"line":25,"column":21},"end":{"line":25,"column":77}},"9":{"start":{"line":28,"column":4},"end":{"line":70,"column":5}}},"fnMap":{"0":{"name":"(anonymous_0)","decl":{"start":{"line":11,"column":21},"end":{"line":11,"column":22}},"loc":{"start":{"line":11,"column":27},"end":{"line":71,"column":1}},"line":11},"1":{"name":"(anonymous_1)","decl":{"start":{"line":17,"column":31},"end":{"line":17,"column":32}},"loc":{"start":{"line":17,"column":37},"end":{"line":19,"column":5}},"line":17},"2":{"name":"(anonymous_2)","decl":{"start":{"line":22,"column":14},"end":{"line":22,"column":15}},"loc":{"start":{"line":22,"column":20},"end":{"line":26,"column":5}},"line":22},"3":{"name":"(anonymous_3)","decl":{"start":{"line":25,"column":15},"end":{"line":25,"column":16}},"loc":{"start":{"line":25,"column":21},"end":{"line":25,"column":77}},"line":25}},"branchMap":{"0":{"loc":{"start":{"line":39,"column":24},"end":{"line":53,"column":55}},"type":"cond-expr","locations":[{"start":{"line":40,"column":28},"end":{"line":51,"column":30}},{"start":{"line":53,"column":30},"end":{"line":53,"column":55}}],"line":39}},"s":{"0":0,"1":0,"2":0,"3":0,"4":0,"5":0,"6":0,"7":0,"8":0,"9":0},"f":{"0":0,"1":0,"2":0,"3":0},"b":{"0":[0,0]}}
,"C:\\Users\\1531n\\BOG005-burger-queen-api-client\\burger-queen\\src\\pages\\Waiter\\TakesOrder\\TakesOrder.jsx": {"path":"C:\\Users\\1531n\\BOG005-burger-queen-api-client\\burger-queen\\src\\pages\\Waiter\\TakesOrder\\TakesOrder.jsx","statementMap":{"0":{"start":{"line":7,"column":26},"end":{"line":24,"column":1}},"1":{"start":{"line":9,"column":4},"end":{"line":23,"column":5}}},"fnMap":{"0":{"name":"(anonymous_0)","decl":{"start":{"line":7,"column":26},"end":{"line":7,"column":27}},"loc":{"start":{"line":7,"column":32},"end":{"line":24,"column":1}},"line":7}},"branchMap":{},"s":{"0":0,"1":0},"f":{"0":0},"b":{}}
,"C:\\Users\\1531n\\BOG005-burger-queen-api-client\\burger-queen\\src\\pages\\login\\Login.jsx": {"path":"C:\\Users\\1531n\\BOG005-burger-queen-api-client\\burger-queen\\src\\pages\\login\\Login.jsx","statementMap":{"0":{"start":{"line":8,"column":4},"end":{"line":17,"column":5}}},"fnMap":{"0":{"name":"Login","decl":{"start":{"line":7,"column":16},"end":{"line":7,"column":21}},"loc":{"start":{"line":7,"column":25},"end":{"line":18,"column":1}},"line":7}},"branchMap":{},"s":{"0":0},"f":{"0":0},"b":{}}
}
